0 info it worked if it ends with ok
1 verbose cli [ 'C:\\Program Files\\nodejs\\node.exe',
1 verbose cli   'C:\\Program Files\\nodejs\\node_modules\\npm\\bin\\npm-cli.js',
1 verbose cli   'run',
1 verbose cli   'watch:scss' ]
2 info using npm@3.10.10
3 info using node@v6.11.3
4 verbose run-script [ 'prewatch:scss', 'watch:scss', 'postwatch:scss' ]
5 info lifecycle confusion@1.0.0~prewatch:scss: confusion@1.0.0
6 silly lifecycle confusion@1.0.0~prewatch:scss: no script for prewatch:scss, continuing
7 info lifecycle confusion@1.0.0~watch:scss: confusion@1.0.0
8 verbose lifecycle confusion@1.0.0~watch:scss: unsafe-perm in lifecycle true
9 verbose lifecycle confusion@1.0.0~watch:scss: PATH: C:\Program Files\nodejs\node_modules\npm\bin\node-gyp-bin;D:\Video\Courses\Full Stack Web Development\2-Bootstrap 4\Week1\3- Intro to bootstrap\Exercises\Bootstrap4\conFusion\node_modules\.bin;C:\Program Files\nodejs\node_modules\npm\bin\node-gyp-bin;D:\Video\Courses\Full Stack Web Development\2-Bootstrap 4\Week1\3- Intro to bootstrap\Exercises\Bootstrap4\conFusion\node_modules\.bin;C:\Program Files\nodejs\node_modules\npm\bin\node-gyp-bin;D:\Video\Courses\Full Stack Web Development\2-Bootstrap 4\Week1\3- Intro to bootstrap\Exercises\Bootstrap4\conFusion\node_modules\.bin;C:\Program Files (x86)\Intel\iCLS Client\;C:\Program Files\Intel\iCLS Client\;C:\Windows\system32;C:\Windows;C:\Windows\System32\Wbem;C:\Windows\System32\WindowsPowerShell\v1.0\;C:\Program Files (x86)\NVIDIA Corporation\PhysX\Common;C:\Program Files\Intel\Intel(R) Management Engine Components\DAL;C:\Program Files\Intel\Intel(R) Management Engine Components\IPT;C:\Program Files (x86)\Intel\Intel(R) Management Engine Components\DAL;C:\Program Files (x86)\Intel\Intel(R) Management Engine Components\IPT;C:\WINDOWS\system32;C:\WINDOWS;C:\WINDOWS\System32\Wbem;C:\WINDOWS\System32\WindowsPowerShell\v1.0\;C:\Program Files\Microsoft SQL Server\120\Tools\Binn\;C:\Program Files\Git\cmd;C:\Program Files\nodejs\;C:\Users\Jahn\AppData\Local\Microsoft\WindowsApps;C:\Users\Jahn\AppData\Local\atom\bin;C:\Program Files\Microsoft VS Code\bin;C:\Users\Jahn\AppData\Roaming\npm
10 verbose lifecycle confusion@1.0.0~watch:scss: CWD: D:\Video\Courses\Full Stack Web Development\2-Bootstrap 4\Week1\3- Intro to bootstrap\Exercises\Bootstrap4\conFusion
11 silly lifecycle confusion@1.0.0~watch:scss: Args: [ '/d /s /c', 'onchange "css/*.scss" -- npm run scss' ]
12 verbose stack Error: kill ENOSYS
12 verbose stack     at exports._errnoException (util.js:1020:11)
12 verbose stack     at process.kill (internal/process.js:190:13)
12 verbose stack     at process.listener (C:\Program Files\nodejs\node_modules\npm\node_modules\npmlog\node_modules\gauge\node_modules\signal-exit\index.js:86:15)
12 verbose stack     at emitNone (events.js:91:20)
12 verbose stack     at process.emit (events.js:185:7)
12 verbose stack     at processEmit (C:\Program Files\nodejs\node_modules\npm\node_modules\npmlog\node_modules\gauge\node_modules\signal-exit\index.js:146:32)
12 verbose stack     at processEmit (C:\Program Files\nodejs\node_modules\npm\node_modules\npm-registry-client\node_modules\npmlog\node_modules\gauge\node_modules\signal-exit\index.js:146:32)
12 verbose stack     at Signal.wrap.onsignal (internal/process.js:217:44)
13 verbose cwd D:\Video\Courses\Full Stack Web Development\2-Bootstrap 4\Week1\3- Intro to bootstrap\Exercises\Bootstrap4\conFusion
14 error Windows_NT 10.0.15063
15 error argv "C:\\Program Files\\nodejs\\node.exe" "C:\\Program Files\\nodejs\\node_modules\\npm\\bin\\npm-cli.js" "run" "watch:scss"
16 error node v6.11.3
17 error npm  v3.10.10
18 error code ENOSYS
19 error errno ENOSYS
20 error syscall kill
21 error kill ENOSYS
22 error If you need help, you may report this error at:
22 error     <https://github.com/npm/npm/issues>
23 verbose exit [ 1, true ]
